# JRE version: OpenJDK Runtime Environment (8.0_265-b01) (build 1.8.0_265-8u265-b01-0ubuntu2~16.04-b01)
# Java VM: OpenJDK 64-Bit Server VM (25.265-b01 mixed mode linux-amd64 compressed oops)
Heap:
 def new generation   total 263104K, used 14816K [0x00000000a0000000, 0x00000000b1d70000, 0x00000000c0000000)
  eden space 233920K,   6% used [0x00000000a0000000, 0x00000000a0e78298, 0x00000000ae470000)
  from space 29184K,   0% used [0x00000000b00f0000, 0x00000000b00f0000, 0x00000000b1d70000)
  to   space 29184K,   0% used [0x00000000ae470000, 0x00000000ae470000, 0x00000000b00f0000)
 tenured generation   total 591448K, used 591448K [0x00000000c0000000, 0x00000000e4196000, 0x0000000100000000)
   the space 591448K, 100% used [0x00000000c0000000, 0x00000000e4196000, 0x00000000e4196000, 0x00000000e4196000)
 Metaspace       used 4918K, capacity 5080K, committed 5248K, reserved 1056768K
  class space    used 524K, capacity 579K, committed 640K, reserved 1048576K
GC Heap History (10 events):
Event: 32.130 GC heap after
Heap after GC invocations=148 (full 1):
 def new generation   total 263104K, used 18274K [0x00000000a0000000, 0x00000000b1d70000, 0x00000000c0000000)
  eden space 233920K,   0% used [0x00000000a0000000, 0x00000000a0000000, 0x00000000ae470000)
  from space 29184K,  62% used [0x00000000ae470000, 0x00000000af648808, 0x00000000b00f0000)
  to   space 29184K,   0% used [0x00000000b00f0000, 0x00000000b00f0000, 0x00000000b1d70000)
 tenured generation   total 584536K, used 563814K [0x00000000c0000000, 0x00000000e3ad6000, 0x0000000100000000)
   the space 584536K,  96% used [0x00000000c0000000, 0x00000000e2699a30, 0x00000000e2699c00, 0x00000000e3ad6000)
 Metaspace       used 4918K, capacity 5080K, committed 5248K, reserved 1056768K
  class space    used 524K, capacity 579K, committed 640K, reserved 1048576K
}
Event: 32.188 GC heap before
{Heap before GC invocations=148 (full 1):
 def new generation   total 263104K, used 252194K [0x00000000a0000000, 0x00000000b1d70000, 0x00000000c0000000)
  eden space 233920K, 100% used [0x00000000a0000000, 0x00000000ae470000, 0x00000000ae470000)
  from space 29184K,  62% used [0x00000000ae470000, 0x00000000af648808, 0x00000000b00f0000)
  to   space 29184K,   0% used [0x00000000b00f0000, 0x00000000b00f0000, 0x00000000b1d70000)
 tenured generation   total 584536K, used 563814K [0x00000000c0000000, 0x00000000e3ad6000, 0x0000000100000000)
   the space 584536K,  96% used [0x00000000c0000000, 0x00000000e2699a30, 0x00000000e2699c00, 0x00000000e3ad6000)
 Metaspace       used 4918K, capacity 5080K, committed 5248K, reserved 1056768K
  class space    used 524K, capacity 579K, committed 640K, reserved 1048576K
Event: 32.198 GC heap after
Heap after GC invocations=149 (full 1):
 def new generation   total 263104K, used 18261K [0x00000000a0000000, 0x00000000b1d70000, 0x00000000c0000000)
  eden space 233920K,   0% used [0x00000000a0000000, 0x00000000a0000000, 0x00000000ae470000)
  from space 29184K,  62% used [0x00000000b00f0000, 0x00000000b12c5740, 0x00000000b1d70000)
  to   space 29184K,   0% used [0x00000000ae470000, 0x00000000ae470000, 0x00000000b00f0000)
 tenured generation   total 584536K, used 568619K [0x00000000c0000000, 0x00000000e3ad6000, 0x0000000100000000)
   the space 584536K,  97% used [0x00000000c0000000, 0x00000000e2b4ae50, 0x00000000e2b4b000, 0x00000000e3ad6000)
 Metaspace       used 4918K, capacity 5080K, committed 5248K, reserved 1056768K
  class space    used 524K, capacity 579K, committed 640K, reserved 1048576K
}
Event: 32.242 GC heap before
{Heap before GC invocations=149 (full 1):
 def new generation   total 263104K, used 252181K [0x00000000a0000000, 0x00000000b1d70000, 0x00000000c0000000)
  eden space 233920K, 100% used [0x00000000a0000000, 0x00000000ae470000, 0x00000000ae470000)
  from space 29184K,  62% used [0x00000000b00f0000, 0x00000000b12c5740, 0x00000000b1d70000)
  to   space 29184K,   0% used [0x00000000ae470000, 0x00000000ae470000, 0x00000000b00f0000)
 tenured generation   total 584536K, used 568619K [0x00000000c0000000, 0x00000000e3ad6000, 0x0000000100000000)
   the space 584536K,  97% used [0x00000000c0000000, 0x00000000e2b4ae50, 0x00000000e2b4b000, 0x00000000e3ad6000)
 Metaspace       used 4918K, capacity 5080K, committed 5248K, reserved 1056768K
  class space    used 524K, capacity 579K, committed 640K, reserved 1048576K
Event: 32.256 GC heap after
Heap after GC invocations=150 (full 1):
 def new generation   total 263104K, used 18261K [0x00000000a0000000, 0x00000000b1d70000, 0x00000000c0000000)
  eden space 233920K,   0% used [0x00000000a0000000, 0x00000000a0000000, 0x00000000ae470000)
  from space 29184K,  62% used [0x00000000ae470000, 0x00000000af6454b8, 0x00000000b00f0000)
  to   space 29184K,   0% used [0x00000000b00f0000, 0x00000000b00f0000, 0x00000000b1d70000)
 tenured generation   total 584536K, used 573191K [0x00000000c0000000, 0x00000000e3ad6000, 0x0000000100000000)
   the space 584536K,  98% used [0x00000000c0000000, 0x00000000e2fc1ee0, 0x00000000e2fc2000, 0x00000000e3ad6000)
 Metaspace       used 4918K, capacity 5080K, committed 5248K, reserved 1056768K
  class space    used 524K, capacity 579K, committed 640K, reserved 1048576K
}
Event: 32.576 GC heap before
{Heap before GC invocations=150 (full 1):
 def new generation   total 263104K, used 252181K [0x00000000a0000000, 0x00000000b1d70000, 0x00000000c0000000)
  eden space 233920K, 100% used [0x00000000a0000000, 0x00000000ae470000, 0x00000000ae470000)
  from space 29184K,  62% used [0x00000000ae470000, 0x00000000af6454b8, 0x00000000b00f0000)
  to   space 29184K,   0% used [0x00000000b00f0000, 0x00000000b00f0000, 0x00000000b1d70000)
 tenured generation   total 584536K, used 573191K [0x00000000c0000000, 0x00000000e3ad6000, 0x0000000100000000)
   the space 584536K,  98% used [0x00000000c0000000, 0x00000000e2fc1ee0, 0x00000000e2fc2000, 0x00000000e3ad6000)
 Metaspace       used 4918K, capacity 5080K, committed 5248K, reserved 1056768K
  class space    used 524K, capacity 579K, committed 640K, reserved 1048576K
Event: 32.586 GC heap after
Heap after GC invocations=151 (full 1):
 def new generation   total 263104K, used 18648K [0x00000000a0000000, 0x00000000b1d70000, 0x00000000c0000000)
  eden space 233920K,   0% used [0x00000000a0000000, 0x00000000a0000000, 0x00000000ae470000)
  from space 29184K,  63% used [0x00000000b00f0000, 0x00000000b13262f0, 0x00000000b1d70000)
  to   space 29184K,   0% used [0x00000000ae470000, 0x00000000ae470000, 0x00000000b00f0000)
 tenured generation   total 584536K, used 577571K [0x00000000c0000000, 0x00000000e3ad6000, 0x0000000100000000)
   the space 584536K,  98% used [0x00000000c0000000, 0x00000000e3408d80, 0x00000000e3408e00, 0x00000000e3ad6000)
 Metaspace       used 4918K, capacity 5080K, committed 5248K, reserved 1056768K
  class space    used 524K, capacity 579K, committed 640K, reserved 1048576K
}
Event: 32.725 GC heap before
{Heap before GC invocations=151 (full 1):
 def new generation   total 263104K, used 252568K [0x00000000a0000000, 0x00000000b1d70000, 0x00000000c0000000)
  eden space 233920K, 100% used [0x00000000a0000000, 0x00000000ae470000, 0x00000000ae470000)
  from space 29184K,  63% used [0x00000000b00f0000, 0x00000000b13262f0, 0x00000000b1d70000)
  to   space 29184K,   0% used [0x00000000ae470000, 0x00000000ae470000, 0x00000000b00f0000)
 tenured generation   total 584536K, used 577571K [0x00000000c0000000, 0x00000000e3ad6000, 0x0000000100000000)
   the space 584536K,  98% used [0x00000000c0000000, 0x00000000e3408d80, 0x00000000e3408e00, 0x00000000e3ad6000)
 Metaspace       used 4918K, capacity 5080K, committed 5248K, reserved 1056768K
  class space    used 524K, capacity 579K, committed 640K, reserved 1048576K
Event: 32.736 GC heap after
Heap after GC invocations=152 (full 1):
 def new generation   total 263104K, used 19253K [0x00000000a0000000, 0x00000000b1d70000, 0x00000000c0000000)
  eden space 233920K,   0% used [0x00000000a0000000, 0x00000000a0000000, 0x00000000ae470000)
  from space 29184K,  65% used [0x00000000ae470000, 0x00000000af73d470, 0x00000000b00f0000)
  to   space 29184K,   0% used [0x00000000b00f0000, 0x00000000b00f0000, 0x00000000b1d70000)
 tenured generation   total 584536K, used 582047K [0x00000000c0000000, 0x00000000e3ad6000, 0x0000000100000000)
   the space 584536K,  99% used [0x00000000c0000000, 0x00000000e3867e48, 0x00000000e3868000, 0x00000000e3ad6000)
 Metaspace       used 4918K, capacity 5080K, committed 5248K, reserved 1056768K
  class space    used 524K, capacity 579K, committed 640K, reserved 1048576K
}
Event: 32.854 GC heap before
{Heap before GC invocations=152 (full 1):
 def new generation   total 263104K, used 253173K [0x00000000a0000000, 0x00000000b1d70000, 0x00000000c0000000)
  eden space 233920K, 100% used [0x00000000a0000000, 0x00000000ae470000, 0x00000000ae470000)
  from space 29184K,  65% used [0x00000000ae470000, 0x00000000af73d470, 0x00000000b00f0000)
  to   space 29184K,   0% used [0x00000000b00f0000, 0x00000000b00f0000, 0x00000000b1d70000)
 tenured generation   total 584536K, used 582047K [0x00000000c0000000, 0x00000000e3ad6000, 0x0000000100000000)
   the space 584536K,  99% used [0x00000000c0000000, 0x00000000e3867e48, 0x00000000e3868000, 0x00000000e3ad6000)
 Metaspace       used 4918K, capacity 5080K, committed 5248K, reserved 1056768K
  class space    used 524K, capacity 579K, committed 640K, reserved 1048576K

